0 info it worked if it ends with ok
1 verbose cli [ '/Users/pan/.nvm/versions/node/v6.17.1/bin/node',
1 verbose cli   '/Users/pan/.nvm/versions/node/v6.17.1/bin/npm',
1 verbose cli   'install',
1 verbose cli   '--save',
1 verbose cli   'swc/core' ]
2 info using npm@3.10.10
3 info using node@v6.17.1
4 verbose config Skipping project config: /Users/pan/.npmrc. (matches userconfig)
5 silly loadCurrentTree Starting
6 silly install loadCurrentTree
7 silly install readLocalPackageData
8 silly fetchPackageMetaData swc/core
9 silly fetchOtherPackageData swc/core
10 silly cache add args [ 'swc/core', null ]
11 verbose cache add spec swc/core
12 silly cache add parsed spec Result {
12 silly cache add   raw: 'swc/core',
12 silly cache add   scope: null,
12 silly cache add   escapedName: null,
12 silly cache add   name: null,
12 silly cache add   rawSpec: 'swc/core',
12 silly cache add   spec: 'github:swc/core',
12 silly cache add   type: 'hosted',
12 silly cache add   hosted:
12 silly cache add    { type: 'github',
12 silly cache add      ssh: 'git@github.com:swc/core.git',
12 silly cache add      sshUrl: 'git+ssh://git@github.com/swc/core.git',
12 silly cache add      httpsUrl: 'git+https://github.com/swc/core.git',
12 silly cache add      gitUrl: 'git://github.com/swc/core.git',
12 silly cache add      shortcut: 'github:swc/core',
12 silly cache add      directUrl: 'https://raw.githubusercontent.com/swc/core/master/package.json' } }
13 verbose addRemoteGit caching swc/core
14 verbose addRemoteGit swc/core is a repository hosted by github
15 silly tryGitProto attempting to clone git://github.com/swc/core.git
16 silly tryClone cloning swc/core via git://github.com/swc/core.git
17 verbose tryClone git-github-com-swc-core-git-3e36dd5f not in flight; caching
18 verbose correctMkdir /Users/pan/.npm/_git-remotes correctMkdir not in flight; initializing
19 verbose makeDirectory /Users/pan/.npm/_git-remotes creation not in flight; initializing
20 silly makeDirectory /Users/pan/.npm/_git-remotes uid: 501 gid: 20
21 info git [ 'clone',
21 info git   '--template=/Users/pan/.npm/_git-remotes/_templates',
21 info git   '--mirror',
21 info git   'git://github.com/swc/core.git',
21 info git   '/Users/pan/.npm/_git-remotes/git-github-com-swc-core-git-3e36dd5f' ]
22 verbose git clone --template=/Users/pan/.npm/_git-remotes/_templates --mirror git://github.com/swc/core.git /Users/pan/.npm/_git-remotes/git-github-com-swc-core-git-3e36dd5f: Cloning into bare repository '/Users/pan/.npm/_git-remotes/git-github-com-swc-core-git-3e36dd5f'...
22 verbose git clone --template=/Users/pan/.npm/_git-remotes/_templates --mirror git://github.com/swc/core.git /Users/pan/.npm/_git-remotes/git-github-com-swc-core-git-3e36dd5f: fatal: remote error:
22 verbose git clone --template=/Users/pan/.npm/_git-remotes/_templates --mirror git://github.com/swc/core.git /Users/pan/.npm/_git-remotes/git-github-com-swc-core-git-3e36dd5f:   The unauthenticated git protocol on port 9418 is no longer supported.
22 verbose git clone --template=/Users/pan/.npm/_git-remotes/_templates --mirror git://github.com/swc/core.git /Users/pan/.npm/_git-remotes/git-github-com-swc-core-git-3e36dd5f: Please see https://github.blog/2021-09-01-improving-git-protocol-security-github/ for more information.
23 silly tryHTTPS attempting to clone git+https://github.com/swc/core.git
24 silly tryClone cloning swc/core via git+https://github.com/swc/core.git
25 verbose tryClone git-https-github-com-swc-core-git-715cf694 not in flight; caching
26 verbose correctMkdir /Users/pan/.npm/_git-remotes correctMkdir not in flight; initializing
27 info git [ 'clone',
27 info git   '--template=/Users/pan/.npm/_git-remotes/_templates',
27 info git   '--mirror',
27 info git   'https://github.com/swc/core.git',
27 info git   '/Users/pan/.npm/_git-remotes/git-https-github-com-swc-core-git-715cf694' ]
28 verbose git clone --template=/Users/pan/.npm/_git-remotes/_templates --mirror https://github.com/swc/core.git /Users/pan/.npm/_git-remotes/git-https-github-com-swc-core-git-715cf694: Cloning into bare repository '/Users/pan/.npm/_git-remotes/git-https-github-com-swc-core-git-715cf694'...
28 verbose git clone --template=/Users/pan/.npm/_git-remotes/_templates --mirror https://github.com/swc/core.git /Users/pan/.npm/_git-remotes/git-https-github-com-swc-core-git-715cf694: remote: Support for password authentication was removed on August 13, 2021. Please use a personal access token instead.
28 verbose git clone --template=/Users/pan/.npm/_git-remotes/_templates --mirror https://github.com/swc/core.git /Users/pan/.npm/_git-remotes/git-https-github-com-swc-core-git-715cf694: remote: Please see https://github.blog/2020-12-15-token-authentication-requirements-for-git-operations/ for more information.
28 verbose git clone --template=/Users/pan/.npm/_git-remotes/_templates --mirror https://github.com/swc/core.git /Users/pan/.npm/_git-remotes/git-https-github-com-swc-core-git-715cf694: fatal: Authentication failed for 'https://github.com/swc/core.git/'
29 silly trySSH attempting to clone git@github.com:swc/core.git
30 silly tryClone cloning swc/core via git@github.com:swc/core.git
31 verbose tryClone git-github-com-swc-core-git-6fbdcba4 not in flight; caching
32 verbose correctMkdir /Users/pan/.npm/_git-remotes correctMkdir not in flight; initializing
33 info git [ 'clone',
33 info git   '--template=/Users/pan/.npm/_git-remotes/_templates',
33 info git   '--mirror',
33 info git   'git@github.com:swc/core.git',
33 info git   '/Users/pan/.npm/_git-remotes/git-github-com-swc-core-git-6fbdcba4' ]
34 error git clone --template=/Users/pan/.npm/_git-remotes/_templates --mirror git@github.com:swc/core.git /Users/pan/.npm/_git-remotes/git-github-com-swc-core-git-6fbdcba4: Cloning into bare repository '/Users/pan/.npm/_git-remotes/git-github-com-swc-core-git-6fbdcba4'...
34 error git clone --template=/Users/pan/.npm/_git-remotes/_templates --mirror git@github.com:swc/core.git /Users/pan/.npm/_git-remotes/git-github-com-swc-core-git-6fbdcba4: ERROR: Repository not found.
34 error git clone --template=/Users/pan/.npm/_git-remotes/_templates --mirror git@github.com:swc/core.git /Users/pan/.npm/_git-remotes/git-github-com-swc-core-git-6fbdcba4: fatal: Could not read from remote repository.
34 error git clone --template=/Users/pan/.npm/_git-remotes/_templates --mirror git@github.com:swc/core.git /Users/pan/.npm/_git-remotes/git-github-com-swc-core-git-6fbdcba4:
34 error git clone --template=/Users/pan/.npm/_git-remotes/_templates --mirror git@github.com:swc/core.git /Users/pan/.npm/_git-remotes/git-github-com-swc-core-git-6fbdcba4: Please make sure you have the correct access rights
34 error git clone --template=/Users/pan/.npm/_git-remotes/_templates --mirror git@github.com:swc/core.git /Users/pan/.npm/_git-remotes/git-github-com-swc-core-git-6fbdcba4: and the repository exists.
35 silly fetchPackageMetaData Error: Command failed: git clone --template=/Users/pan/.npm/_git-remotes/_templates --mirror git@github.com:swc/core.git /Users/pan/.npm/_git-remotes/git-github-com-swc-core-git-6fbdcba4
35 silly fetchPackageMetaData Cloning into bare repository '/Users/pan/.npm/_git-remotes/git-github-com-swc-core-git-6fbdcba4'...
35 silly fetchPackageMetaData ERROR: Repository not found.
35 silly fetchPackageMetaData fatal: Could not read from remote repository.
35 silly fetchPackageMetaData
35 silly fetchPackageMetaData Please make sure you have the correct access rights
35 silly fetchPackageMetaData and the repository exists.
35 silly fetchPackageMetaData
35 silly fetchPackageMetaData     at ChildProcess.exithandler (child_process.js:199:12)
35 silly fetchPackageMetaData     at emitTwo (events.js:106:13)
35 silly fetchPackageMetaData     at ChildProcess.emit (events.js:191:7)
35 silly fetchPackageMetaData     at maybeClose (internal/child_process.js:920:16)
35 silly fetchPackageMetaData     at Socket.<anonymous> (internal/child_process.js:351:11)
35 silly fetchPackageMetaData     at emitOne (events.js:96:13)
35 silly fetchPackageMetaData     at Socket.emit (events.js:188:7)
35 silly fetchPackageMetaData     at Pipe._handle.close [as _onclose] (net.js:509:12)
35 silly fetchPackageMetaData  error for swc/core { Error: Command failed: git clone --template=/Users/pan/.npm/_git-remotes/_templates --mirror git@github.com:swc/core.git /Users/pan/.npm/_git-remotes/git-github-com-swc-core-git-6fbdcba4
35 silly fetchPackageMetaData Cloning into bare repository '/Users/pan/.npm/_git-remotes/git-github-com-swc-core-git-6fbdcba4'...
35 silly fetchPackageMetaData ERROR: Repository not found.
35 silly fetchPackageMetaData fatal: Could not read from remote repository.
35 silly fetchPackageMetaData
35 silly fetchPackageMetaData Please make sure you have the correct access rights
35 silly fetchPackageMetaData and the repository exists.
35 silly fetchPackageMetaData
35 silly fetchPackageMetaData     at ChildProcess.exithandler (child_process.js:199:12)
35 silly fetchPackageMetaData     at emitTwo (events.js:106:13)
35 silly fetchPackageMetaData     at ChildProcess.emit (events.js:191:7)
35 silly fetchPackageMetaData     at maybeClose (internal/child_process.js:920:16)
35 silly fetchPackageMetaData     at Socket.<anonymous> (internal/child_process.js:351:11)
35 silly fetchPackageMetaData     at emitOne (events.js:96:13)
35 silly fetchPackageMetaData     at Socket.emit (events.js:188:7)
35 silly fetchPackageMetaData     at Pipe._handle.close [as _onclose] (net.js:509:12)
35 silly fetchPackageMetaData   killed: false,
35 silly fetchPackageMetaData   code: 128,
35 silly fetchPackageMetaData   signal: null,
35 silly fetchPackageMetaData   cmd: 'git clone --template=/Users/pan/.npm/_git-remotes/_templates --mirror git@github.com:swc/core.git /Users/pan/.npm/_git-remotes/git-github-com-swc-core-git-6fbdcba4' }
36 silly rollbackFailedOptional Starting
37 silly rollbackFailedOptional Finishing
38 silly runTopLevelLifecycles Finishing
39 silly install printInstalled
40 verbose stack Error: Command failed: git clone --template=/Users/pan/.npm/_git-remotes/_templates --mirror git@github.com:swc/core.git /Users/pan/.npm/_git-remotes/git-github-com-swc-core-git-6fbdcba4
40 verbose stack Cloning into bare repository '/Users/pan/.npm/_git-remotes/git-github-com-swc-core-git-6fbdcba4'...
40 verbose stack ERROR: Repository not found.
40 verbose stack fatal: Could not read from remote repository.
40 verbose stack
40 verbose stack Please make sure you have the correct access rights
40 verbose stack and the repository exists.
40 verbose stack
40 verbose stack     at ChildProcess.exithandler (child_process.js:199:12)
40 verbose stack     at emitTwo (events.js:106:13)
40 verbose stack     at ChildProcess.emit (events.js:191:7)
40 verbose stack     at maybeClose (internal/child_process.js:920:16)
40 verbose stack     at Socket.<anonymous> (internal/child_process.js:351:11)
40 verbose stack     at emitOne (events.js:96:13)
40 verbose stack     at Socket.emit (events.js:188:7)
40 verbose stack     at Pipe._handle.close [as _onclose] (net.js:509:12)
41 verbose cwd /Users/pan/Project/mybook
42 error Darwin 20.6.0
43 error argv "/Users/pan/.nvm/versions/node/v6.17.1/bin/node" "/Users/pan/.nvm/versions/node/v6.17.1/bin/npm" "install" "--save" "swc/core"
44 error node v6.17.1
45 error npm  v3.10.10
46 error code 128
47 error Command failed: git clone --template=/Users/pan/.npm/_git-remotes/_templates --mirror git@github.com:swc/core.git /Users/pan/.npm/_git-remotes/git-github-com-swc-core-git-6fbdcba4
47 error Cloning into bare repository '/Users/pan/.npm/_git-remotes/git-github-com-swc-core-git-6fbdcba4'...
47 error ERROR: Repository not found.
47 error fatal: Could not read from remote repository.
47 error
47 error Please make sure you have the correct access rights
47 error and the repository exists.
48 error If you need help, you may report this error at:
48 error     <https://github.com/npm/npm/issues>
49 verbose exit [ 1, true ]
